 
New instance of bashtop version: 0.9.25 Pid: 25666
 
New instance of bashtop version: 0.9.25 Pid: 29458
 
New instance of bashtop version: 0.9.25 Pid: 92967
11:43:29 AM ERROR: On line 4032 
11:43:29 AM ERROR: On line 4032 
 
New instance of bashtop version: 0.9.25 Pid: 95882
 
New instance of bashtop version: 0.9.25 Pid: 152164
 
New instance of bashtop version: 0.9.25 Pid: 9308
 
New instance of bashtop version: 0.9.25 Pid: 27361
 
New instance of bashtop version: 0.9.25 Pid: 65771
08:07:43 AM ERROR: On line 1887 
08:07:43 AM ERROR: On line 1887 (MUTED!)
08:08:29 AM ERROR: On line 4032 
08:08:29 AM ERROR: On line 4032 
08:08:37 AM ERROR: On line 1887 (MUTED!)
08:08:37 AM ERROR: On line 1887 (MUTED!)
 
New instance of bashtop version: 0.9.25 Pid: 1671
01:30:37 PM ERROR: On line 1887 
01:30:37 PM ERROR: On line 1887 (MUTED!)
01:30:51 PM ERROR: On line 4032 
01:30:51 PM ERROR: On line 4032 
 
New instance of bashtop version: 0.9.25 Pid: 5763
